<?xml version="1.0" encoding="UTF-8"?>
<testsuite xmlns:xsi="http://www.w3.org/2001/XMLSchema-instance" xsi:noNamespaceSchemaLocation="https://maven.apache.org/surefire/maven-surefire-plugin/xsd/surefire-test-report-3.0.xsd" version="3.0" name="cuentapalabras.TestRunnerPr42$JUnitTestContadorPalabrasSig" time="0.056" tests="10" errors="0" skipped="0" failures="1">
  <properties>
[...]
</properties>
  <testcase name="contadorPalabrasSigPresentaPalabrasPWTest1" classname="cuentapalabras.TestRunnerPr42$JUnitTestContadorPalabrasSig" time="0.007">
    <system-out><![CDATA[Inicio de ContadorPalabrasSig JUnit Test
]]></system-out>
  </testcase>
  <testcase name="contadorPalabrasSigIncluyeTodasFicheroTest1" classname="cuentapalabras.TestRunnerPr42$JUnitTestContadorPalabrasSig" time="0.005"/>
  <testcase name="contadorPalabrasSigIncluyeTodasTest1" classname="cuentapalabras.TestRunnerPr42$JUnitTestContadorPalabrasSig" time="0.001"/>
  <testcase name="contadorPalabrasSigLeeArrayNoSigTest1" classname="cuentapalabras.TestRunnerPr42$JUnitTestContadorPalabrasSig" time="0.003"/>
  <testcase name="contadorPalabrasSigEncuentraTest1" classname="cuentapalabras.TestRunnerPr42$JUnitTestContadorPalabrasSig" time="0.003"/>
  <testcase name="contadorPalabrasSigEncuentraTest2" classname="cuentapalabras.TestRunnerPr42$JUnitTestContadorPalabrasSig" time="0.003"/>
  <testcase name="contadorPalabrasSigEncuentraTest3" classname="cuentapalabras.TestRunnerPr42$JUnitTestContadorPalabrasSig" time="0.002"/>
  <testcase name="contadorPalabrasSigPresentaPalabrasFichTest1" classname="cuentapalabras.TestRunnerPr42$JUnitTestContadorPalabrasSig" time="0.004"/>
  <testcase name="ContadorPalabrasSigCtorTest1" classname="cuentapalabras.TestRunnerPr42$JUnitTestContadorPalabrasSig" time="0.002"/>
  <testcase name="contadorPalabrasSigLeeFicheroNoSigTest1" classname="cuentapalabras.TestRunnerPr42$JUnitTestContadorPalabrasSig" time="0.011">
    <failure message="&#10;&gt; Error: incluyeTodas() ; toString(): ==&gt; expected: &lt;[ GUERRA : 5 - TENIA : 2 - JARRA : 3 - PARRA : 7 - PERRA : 6 - PERO : 1 - ROMPIO : 1 - PEGO : 1 - PORRA : 3 - OIGA : 1 - USTED : 1 - BUEN : 1 - HOMBRE : 1 - POR : 1 - QUE : 1 - HA : 1 - PEGADO : 2 - PORQUE : 1 - HUBIERA : 2 - ROTO : 1 ]&gt; but was: &lt;[ GUERRA : 5 - TENIA : 2 - UNA : 2 - JARRA : 3 - Y : 1 - PARRA : 7 - PERRA : 6 - PERO : 1 - LA : 10 - DE : 8 - ROMPIO : 1 - PEGO : 1 - CON : 3 - PORRA : 3 - A : 3 - OIGA : 1 - USTED : 1 - BUEN : 1 - HOMBRE : 1 - POR : 1 - QUE : 1 - HA : 1 - PEGADO : 2 - PORQUE : 1 - SI : 1 - NO : 2 - HUBIERA : 2 - ROTO : 1 ]&gt;" type="org.opentest4j.AssertionFailedError"><![CDATA[org.opentest4j.AssertionFailedError: 

> Error: incluyeTodas() ; toString(): ==> expected: <[ GUERRA : 5 - TENIA : 2 - JARRA : 3 - PARRA : 7 - PERRA : 6 - PERO : 1 - ROMPIO : 1 - PEGO : 1 - PORRA : 3 - OIGA : 1 - USTED : 1 - BUEN : 1 - HOMBRE : 1 - POR : 1 - QUE : 1 - HA : 1 - PEGADO : 2 - PORQUE : 1 - HUBIERA : 2 - ROTO : 1 ]> but was: <[ GUERRA : 5 - TENIA : 2 - UNA : 2 - JARRA : 3 - Y : 1 - PARRA : 7 - PERRA : 6 - PERO : 1 - LA : 10 - DE : 8 - ROMPIO : 1 - PEGO : 1 - CON : 3 - PORRA : 3 - A : 3 - OIGA : 1 - USTED : 1 - BUEN : 1 - HOMBRE : 1 - POR : 1 - QUE : 1 - HA : 1 - PEGADO : 2 - PORQUE : 1 - SI : 1 - NO : 2 - HUBIERA : 2 - ROTO : 1 ]>
	at org.junit.jupiter.api.AssertionFailureBuilder.build(AssertionFailureBuilder.java:151)
	at org.junit.jupiter.api.AssertionFailureBuilder.buildAndThrow(AssertionFailureBuilder.java:132)
	at org.junit.jupiter.api.AssertEquals.failNotEqual(AssertEquals.java:197)
	at org.junit.jupiter.api.AssertEquals.assertEquals(AssertEquals.java:182)
	at org.junit.jupiter.api.Assertions.assertEquals(Assertions.java:1156)
	at cuentapalabras.TestRunnerPr42$JUnitTestContadorPalabrasSig.contadorPalabrasSigLeeFicheroNoSigTest1(TestRunnerPr42.java:426)
	at java.base/java.lang.reflect.Method.invoke(Method.java:580)
	at java.base/java.util.ArrayList.forEach(ArrayList.java:1597)
	at java.base/java.util.ArrayList.forEach(ArrayList.java:1597)
	at java.base/java.util.ArrayList.forEach(ArrayList.java:1597)
]]></failure>
  </testcase>
</testsuite>